<?xml version="1.0" encoding="UTF-8"?>
<!-- Generated by org.testng.reporters.JUnitReportReporter -->
<testsuite skipped="0" hostname="DESKTOP-46SNPJA" name="TestRunner.TestRunner1" tests="3" failures="0" timestamp="2022-07-19T17:51:18 IST" time="27.467" errors="0">
  <testcase name="runScenario" time="6.066" classname="TestRunner.TestRunner1"/>
  <system-out/>
  <testcase name="runScenario" time="15.686" classname="TestRunner.TestRunner1"/>
  <system-out/>
  <testcase name="runScenario" time="5.715" classname="TestRunner.TestRunner1"/>
  <system-out/>
</testsuite> <!-- TestRunner.TestRunner1 -->
